
RAxML-NG v. 1.1.0 released on 29.11.2021 by The Exelixis Lab.
Developed by: Alexey M. Kozlov and Alexandros Stamatakis.
Contributors: Diego Darriba, Tomas Flouri, Benoit Morel, Sarah Lutteropp, Ben Bettisworth.
Latest version: https://github.com/amkozlov/raxml-ng
Questions/problems/suggestions? Please visit: https://groups.google.com/forum/#!forum/raxml

System: Intel(R) Core(TM) i5-8250U CPU @ 1.60GHz, 4 cores, 7 GB RAM

RAxML-NG was called at 08-Jun-2022 10:52:14 as follows:

./raxml-ng --search1 --msa psba/aligned/blast.filtered.revcomp.Bacillariophyceae-psba-uniq-gen-sp.fasta.afa --model GTR+G --prefix psba/aligned/blast.filtered.revcomp.Bacillariophyceae-psba-uniq-gen-sp.fasta.afa --threads 8 --seed 2

Analysis options:
  run mode: ML tree search
  start tree(s): random (1)
  random seed: 2
  tip-inner: OFF
  pattern compression: ON
  per-rate scalers: OFF
  site repeats: ON
  fast spr radius: AUTO
  spr subtree cutoff: 1.000000
  branch lengths: proportional (ML estimate, algorithm: NR-FAST)
  SIMD kernels: AVX2
  parallelization: coarse-grained (auto), PTHREADS (8 threads), thread pinning: OFF

[00:00:00] Reading alignment from file: psba/aligned/blast.filtered.revcomp.Bacillariophyceae-psba-uniq-gen-sp.fasta.afa
[00:00:00] Loaded alignment with 134 taxa and 1080 sites

Alignment comprises 1 partitions and 394 patterns

Partition 0: noname
Model: GTR+FO+G4m
Alignment sites / patterns: 1080 / 394
Gaps: 21.94 %
Invariant sites: 71.11 %


NOTE: Binary MSA file created: psba/aligned/blast.filtered.revcomp.Bacillariophyceae-psba-uniq-gen-sp.fasta.afa.raxml.rba

Parallelization scheme autoconfig: 1 worker(s) x 8 thread(s)

Parallel reduction/worker buffer size: 1 KB  / 0 KB

[00:00:00] Generating 1 random starting tree(s) with 134 taxa
[00:00:00] Data distribution: max. partitions/sites/weight per thread: 1 / 50 / 800
[00:00:00] Data distribution: max. searches per worker: 1

Starting ML tree search with 1 distinct starting trees

[00:00:00 -22195.515483] Initial branch length optimization
[00:00:00 -19101.972918] Model parameter optimization (eps = 10.000000)
[00:00:00 -16698.169411] AUTODETECT spr round 1 (radius: 5)
[00:00:01 -13981.891168] AUTODETECT spr round 2 (radius: 10)
[00:00:01 -12421.909312] AUTODETECT spr round 3 (radius: 15)
[00:00:02 -12314.245580] AUTODETECT spr round 4 (radius: 20)
[00:00:02 -12246.688026] AUTODETECT spr round 5 (radius: 25)
[00:00:02 -12246.683136] SPR radius for FAST iterations: 20 (autodetect)
[00:00:02 -12246.683136] Model parameter optimization (eps = 3.000000)
[00:00:03 -12203.037913] FAST spr round 1 (radius: 20)
[00:00:03 -11606.892602] FAST spr round 2 (radius: 20)
[00:00:04 -11591.531582] FAST spr round 3 (radius: 20)
[00:00:04 -11589.052628] FAST spr round 4 (radius: 20)
[00:00:04 -11586.518812] FAST spr round 5 (radius: 20)
[00:00:05 -11586.401475] FAST spr round 6 (radius: 20)
[00:00:05 -11586.302433] Model parameter optimization (eps = 1.000000)
[00:00:05 -11583.115500] SLOW spr round 1 (radius: 5)
[00:00:07 -11582.946535] SLOW spr round 2 (radius: 5)
[00:00:08 -11582.946492] SLOW spr round 3 (radius: 10)
[00:00:09 -11581.597456] SLOW spr round 4 (radius: 5)
[00:00:10 -11581.588244] SLOW spr round 5 (radius: 10)
[00:00:12 -11581.588207] SLOW spr round 6 (radius: 15)
[00:00:13 -11581.588206] SLOW spr round 7 (radius: 20)
[00:00:15 -11581.588206] SLOW spr round 8 (radius: 25)
[00:00:16 -11581.588206] Model parameter optimization (eps = 0.100000)

[00:00:16] ML tree search #1, logLikelihood: -11581.226513


Optimized model parameters:

   Partition 0: noname
   Rate heterogeneity: GAMMA (4 cats, mean),  alpha: 0.193824 (ML),  weights&rates: (0.250000,0.000426) (0.250000,0.030290) (0.250000,0.367349) (0.250000,3.601934) 
   Base frequencies (ML): 0.278363 0.156276 0.150496 0.414865 
   Substitution rates (ML): 0.272001 2.448852 1.436573 0.555973 3.300960 1.000000 


Final LogLikelihood: -11581.226513

AIC score: 23710.453026 / AICc score: 23897.657995 / BIC score: 25076.265298
Free parameters (model + branch lengths): 274

WARNING: Best ML tree contains 6 near-zero branches!

Best ML tree with collapsed near-zero branches saved to: /home/teo/src/make-phylo-raphid/psba/aligned/blast.filtered.revcomp.Bacillariophyceae-psba-uniq-gen-sp.fasta.afa.raxml.bestTreeCollapsed
Best ML tree saved to: /home/teo/src/make-phylo-raphid/psba/aligned/blast.filtered.revcomp.Bacillariophyceae-psba-uniq-gen-sp.fasta.afa.raxml.bestTree
Optimized model saved to: /home/teo/src/make-phylo-raphid/psba/aligned/blast.filtered.revcomp.Bacillariophyceae-psba-uniq-gen-sp.fasta.afa.raxml.bestModel

Execution log saved to: /home/teo/src/make-phylo-raphid/psba/aligned/blast.filtered.revcomp.Bacillariophyceae-psba-uniq-gen-sp.fasta.afa.raxml.log

Analysis started: 08-Jun-2022 10:52:14 / finished: 08-Jun-2022 10:52:30

Elapsed time: 16.535 seconds

