
RAxML-NG v. 1.1.0 released on 29.11.2021 by The Exelixis Lab.
Developed by: Alexey M. Kozlov and Alexandros Stamatakis.
Contributors: Diego Darriba, Tomas Flouri, Benoit Morel, Sarah Lutteropp, Ben Bettisworth.
Latest version: https://github.com/amkozlov/raxml-ng
Questions/problems/suggestions? Please visit: https://groups.google.com/forum/#!forum/raxml

System: Intel(R) Core(TM) i5-8250U CPU @ 1.60GHz, 4 cores, 7 GB RAM

RAxML-NG was called at 08-Jun-2022 10:53:41 as follows:

./raxml-ng --search1 --msa psbc/aligned/blast.filtered.revcomp.Bacillariophyceae-psbc-uniq-gen-sp.fasta.afa --model GTR+G --prefix psbc/aligned/blast.filtered.revcomp.Bacillariophyceae-psbc-uniq-gen-sp.fasta.afa --threads 8 --seed 2

Analysis options:
  run mode: ML tree search
  start tree(s): random (1)
  random seed: 2
  tip-inner: OFF
  pattern compression: ON
  per-rate scalers: OFF
  site repeats: ON
  fast spr radius: AUTO
  spr subtree cutoff: 1.000000
  branch lengths: proportional (ML estimate, algorithm: NR-FAST)
  SIMD kernels: AVX2
  parallelization: coarse-grained (auto), PTHREADS (8 threads), thread pinning: OFF

[00:00:00] Reading alignment from file: psbc/aligned/blast.filtered.revcomp.Bacillariophyceae-psbc-uniq-gen-sp.fasta.afa
[00:00:00] Loaded alignment with 315 taxa and 1272 sites

WARNING: Sequences psbc171.p1 and psbc21.p1 are exactly identical!
WARNING: Duplicate sequences found: 1

NOTE: Reduced alignment (with duplicates and gap-only sites/taxa removed) 
NOTE: was saved to: /home/teo/src/make-phylo-raphid/psbc/aligned/blast.filtered.revcomp.Bacillariophyceae-psbc-uniq-gen-sp.fasta.afa.raxml.reduced.phy

Alignment comprises 1 partitions and 785 patterns

Partition 0: noname
Model: GTR+FO+G4m
Alignment sites / patterns: 1272 / 785
Gaps: 14.51 %
Invariant sites: 51.97 %


NOTE: Binary MSA file created: psbc/aligned/blast.filtered.revcomp.Bacillariophyceae-psbc-uniq-gen-sp.fasta.afa.raxml.rba

Parallelization scheme autoconfig: 1 worker(s) x 8 thread(s)

Parallel reduction/worker buffer size: 1 KB  / 0 KB

[00:00:00] Generating 1 random starting tree(s) with 315 taxa
[00:00:00] Data distribution: max. partitions/sites/weight per thread: 1 / 99 / 1584
[00:00:00] Data distribution: max. searches per worker: 1

Starting ML tree search with 1 distinct starting trees

[00:00:00 -102404.898085] Initial branch length optimization
[00:00:00 -91902.525943] Model parameter optimization (eps = 10.000000)
[00:00:13 -80158.247929] AUTODETECT spr round 1 (radius: 5)
[00:00:16 -71806.392508] AUTODETECT spr round 2 (radius: 10)
[00:00:19 -61494.007650] AUTODETECT spr round 3 (radius: 15)
[00:00:25 -60088.921912] AUTODETECT spr round 4 (radius: 20)
[00:00:33 -59945.608072] AUTODETECT spr round 5 (radius: 25)
[00:00:40 -59646.622375] SPR radius for FAST iterations: 25 (autodetect)
[00:00:40 -59646.622375] Model parameter optimization (eps = 3.000000)
[00:00:49 -58204.664555] FAST spr round 1 (radius: 25)
[00:00:54 -55886.258396] FAST spr round 2 (radius: 25)
[00:00:58 -55803.604235] FAST spr round 3 (radius: 25)
[00:01:02 -55796.159590] FAST spr round 4 (radius: 25)
[00:01:06 -55792.729040] FAST spr round 5 (radius: 25)
[00:01:09 -55790.711757] FAST spr round 6 (radius: 25)
[00:01:12 -55789.409222] FAST spr round 7 (radius: 25)
[00:01:16 -55788.225703] FAST spr round 8 (radius: 25)
[00:01:19 -55787.198514] FAST spr round 9 (radius: 25)
[00:01:22 -55786.357995] FAST spr round 10 (radius: 25)
[00:01:25 -55785.569501] FAST spr round 11 (radius: 25)
[00:01:29 -55784.970574] FAST spr round 12 (radius: 25)
[00:01:32 -55784.553389] FAST spr round 13 (radius: 25)
[00:01:35 -55783.777656] FAST spr round 14 (radius: 25)
[00:01:38 -55781.158325] FAST spr round 15 (radius: 25)
[00:01:42 -55779.674264] FAST spr round 16 (radius: 25)
[00:01:45 -55777.592863] FAST spr round 17 (radius: 25)
[00:01:48 -55776.385214] FAST spr round 18 (radius: 25)
[00:01:51 -55776.122955] FAST spr round 19 (radius: 25)
[00:01:55 -55775.636983] FAST spr round 20 (radius: 25)
[00:01:58 -55767.836710] FAST spr round 21 (radius: 25)
[00:02:01 -55760.802025] FAST spr round 22 (radius: 25)
[00:02:04 -55760.048603] FAST spr round 23 (radius: 25)
[00:02:08 -55759.778968] FAST spr round 24 (radius: 25)
[00:02:11 -55759.452649] FAST spr round 25 (radius: 25)
[00:02:14 -55759.335873] FAST spr round 26 (radius: 25)
[00:02:17 -55759.304981] Model parameter optimization (eps = 1.000000)
[00:02:19 -55752.986735] SLOW spr round 1 (radius: 5)
[00:02:27 -55749.694288] SLOW spr round 2 (radius: 5)
[00:02:34 -55749.694182] SLOW spr round 3 (radius: 10)
[00:02:42 -55738.331788] SLOW spr round 4 (radius: 5)
[00:02:52 -55736.378614] SLOW spr round 5 (radius: 5)
[00:02:59 -55734.792343] SLOW spr round 6 (radius: 5)
[00:03:06 -55734.791973] SLOW spr round 7 (radius: 10)
[00:03:14 -55729.551313] SLOW spr round 8 (radius: 5)
[00:03:24 -55724.892017] SLOW spr round 9 (radius: 5)
[00:03:31 -55724.214694] SLOW spr round 10 (radius: 5)
[00:03:38 -55724.214521] SLOW spr round 11 (radius: 10)
[00:03:46 -55724.214520] SLOW spr round 12 (radius: 15)
[00:03:59 -55724.214520] SLOW spr round 13 (radius: 20)
[00:04:18 -55724.214520] SLOW spr round 14 (radius: 25)
[00:04:32 -55724.214520] Model parameter optimization (eps = 0.100000)

[00:04:35] ML tree search #1, logLikelihood: -55723.043562


Optimized model parameters:

   Partition 0: noname
   Rate heterogeneity: GAMMA (4 cats, mean),  alpha: 0.256477 (ML),  weights&rates: (0.250000,0.002427) (0.250000,0.071406) (0.250000,0.514948) (0.250000,3.411218) 
   Base frequencies (ML): 0.222343 0.091424 0.028087 0.658145 
   Substitution rates (ML): 0.089736 3.522762 0.028644 0.516145 0.581047 1.000000 


Final LogLikelihood: -55723.043562

AIC score: 112718.087124 / AICc score: 113994.093423 / BIC score: 115992.435017
Free parameters (model + branch lengths): 636

WARNING: Best ML tree contains 1 near-zero branches!

Best ML tree with collapsed near-zero branches saved to: /home/teo/src/make-phylo-raphid/psbc/aligned/blast.filtered.revcomp.Bacillariophyceae-psbc-uniq-gen-sp.fasta.afa.raxml.bestTreeCollapsed
Best ML tree saved to: /home/teo/src/make-phylo-raphid/psbc/aligned/blast.filtered.revcomp.Bacillariophyceae-psbc-uniq-gen-sp.fasta.afa.raxml.bestTree
Optimized model saved to: /home/teo/src/make-phylo-raphid/psbc/aligned/blast.filtered.revcomp.Bacillariophyceae-psbc-uniq-gen-sp.fasta.afa.raxml.bestModel

Execution log saved to: /home/teo/src/make-phylo-raphid/psbc/aligned/blast.filtered.revcomp.Bacillariophyceae-psbc-uniq-gen-sp.fasta.afa.raxml.log

Analysis started: 08-Jun-2022 10:53:41 / finished: 08-Jun-2022 10:58:17

Elapsed time: 275.187 seconds

