
RAxML-NG v. 1.1.0 released on 29.11.2021 by The Exelixis Lab.
Developed by: Alexey M. Kozlov and Alexandros Stamatakis.
Contributors: Diego Darriba, Tomas Flouri, Benoit Morel, Sarah Lutteropp, Ben Bettisworth.
Latest version: https://github.com/amkozlov/raxml-ng
Questions/problems/suggestions? Please visit: https://groups.google.com/forum/#!forum/raxml

System: Intel(R) Core(TM) i5-8250U CPU @ 1.60GHz, 4 cores, 7 GB RAM

RAxML-NG was called at 10-Jun-2022 13:03:33 as follows:

./raxml-ng --search1 --msa rbcl/aligned/blast.filtered.revcomp.Bacillariophyceae-rbcl-uniq-gen-sp.fasta.afa --model GTR+G --prefix rbcl/aligned/blast.filtered.revcomp.Bacillariophyceae-rbcl-uniq-gen-sp.fasta.afa --threads 8 --seed 2

Analysis options:
  run mode: ML tree search
  start tree(s): random (1)
  random seed: 2
  tip-inner: OFF
  pattern compression: ON
  per-rate scalers: OFF
  site repeats: ON
  fast spr radius: AUTO
  spr subtree cutoff: 1.000000
  branch lengths: proportional (ML estimate, algorithm: NR-FAST)
  SIMD kernels: AVX2
  parallelization: coarse-grained (auto), PTHREADS (8 threads), thread pinning: OFF

[00:00:00] Reading alignment from file: rbcl/aligned/blast.filtered.revcomp.Bacillariophyceae-rbcl-uniq-gen-sp.fasta.afa
[00:00:00] Loaded alignment with 828 taxa and 1536 sites

WARNING: Sequences rbcl114.p1 and rbcl130.p1 are exactly identical!
WARNING: Sequences rbcl177.p1 and rbcl824.p1 are exactly identical!
WARNING: Sequences rbcl178.p1 and rbcl807.p1 are exactly identical!
WARNING: Sequences rbcl179.p1 and rbcl821.p1 are exactly identical!
WARNING: Sequences rbcl180.p1 and rbcl810.p1 are exactly identical!
WARNING: Sequences rbcl181.p1 and rbcl801.p1 are exactly identical!
WARNING: Sequences rbcl229.p1 and rbcl827.p1 are exactly identical!
WARNING: Sequences rbcl232.p1 and rbcl826.p1 are exactly identical!
WARNING: Sequences rbcl289.p1 and rbcl293.p1 are exactly identical!
WARNING: Sequences rbcl31.p1 and rbcl315.p1 are exactly identical!
WARNING: Sequences rbcl468.p1 and rbcl489.p1 are exactly identical!
WARNING: Sequences rbcl59.p1 and rbcl67.p1 are exactly identical!
WARNING: Sequences rbcl720.p1 and rbcl724.p1 are exactly identical!
WARNING: Sequences rbcl730.p1 and rbcl731.p1 are exactly identical!
WARNING: Sequences rbcl737.p1 and rbcl740.p1 are exactly identical!
WARNING: Duplicate sequences found: 15

NOTE: Reduced alignment (with duplicates and gap-only sites/taxa removed) 
NOTE: was saved to: /home/teo/src/make-phylo-raphid/rbcl/aligned/blast.filtered.revcomp.Bacillariophyceae-rbcl-uniq-gen-sp.fasta.afa.raxml.reduced.phy

Alignment comprises 1 partitions and 1263 patterns

Partition 0: noname
Model: GTR+FO+G4m
Alignment sites / patterns: 1536 / 1263
Gaps: 22.66 %
Invariant sites: 46.03 %


NOTE: Binary MSA file created: rbcl/aligned/blast.filtered.revcomp.Bacillariophyceae-rbcl-uniq-gen-sp.fasta.afa.raxml.rba

Parallelization scheme autoconfig: 1 worker(s) x 8 thread(s)

Parallel reduction/worker buffer size: 1 KB  / 0 KB

[00:00:00] Generating 1 random starting tree(s) with 828 taxa
[00:00:00] Data distribution: max. partitions/sites/weight per thread: 1 / 158 / 2528
[00:00:00] Data distribution: max. searches per worker: 1

Starting ML tree search with 1 distinct starting trees

[00:00:00 -243921.507598] Initial branch length optimization
[00:00:01 -216112.338880] Model parameter optimization (eps = 10.000000)
[00:00:43 -190358.874662] AUTODETECT spr round 1 (radius: 5)
[00:01:07 -163563.729251] AUTODETECT spr round 2 (radius: 10)
[00:01:42 -126346.721929] AUTODETECT spr round 3 (radius: 15)
[00:02:12 -112327.031315] AUTODETECT spr round 4 (radius: 20)
[00:02:59 -109691.202100] AUTODETECT spr round 5 (radius: 25)
[00:03:59 -109112.901892] SPR radius for FAST iterations: 25 (autodetect)
[00:03:59 -109112.901892] Model parameter optimization (eps = 3.000000)
[00:04:08 -108062.871635] FAST spr round 1 (radius: 25)
[00:04:46 -97709.033651] FAST spr round 2 (radius: 25)
[00:05:12 -97342.324301] FAST spr round 3 (radius: 25)
[00:05:33 -97316.955576] FAST spr round 4 (radius: 25)
[00:05:51 -97315.579233] FAST spr round 5 (radius: 25)
[00:06:08 -97315.577793] Model parameter optimization (eps = 1.000000)
[00:06:14 -97293.640316] SLOW spr round 1 (radius: 5)
[00:06:47 -97246.737009] SLOW spr round 2 (radius: 5)
[00:07:19 -97229.217348] SLOW spr round 3 (radius: 5)
[00:07:50 -97227.190697] SLOW spr round 4 (radius: 5)
[00:08:18 -97226.739508] SLOW spr round 5 (radius: 5)
[00:08:46 -97226.739133] SLOW spr round 6 (radius: 10)
[00:09:17 -97223.706926] SLOW spr round 7 (radius: 5)
[00:09:59 -97223.706865] SLOW spr round 8 (radius: 10)
[00:10:36 -97221.271576] SLOW spr round 9 (radius: 5)
[00:11:15 -97216.190589] SLOW spr round 10 (radius: 5)
[00:11:48 -97216.189242] SLOW spr round 11 (radius: 10)
[00:12:19 -97215.981569] SLOW spr round 12 (radius: 5)
[00:12:59 -97215.981463] SLOW spr round 13 (radius: 10)
[00:13:34 -97215.875452] SLOW spr round 14 (radius: 5)
[00:14:14 -97215.874476] SLOW spr round 15 (radius: 10)
[00:14:50 -97215.874313] SLOW spr round 16 (radius: 15)
[00:15:48 -97215.874210] SLOW spr round 17 (radius: 20)
[00:17:37 -97212.361092] SLOW spr round 18 (radius: 5)
[00:18:19 -97212.073393] SLOW spr round 19 (radius: 5)
[00:18:54 -97212.073393] SLOW spr round 20 (radius: 10)
[00:19:27 -97212.073393] SLOW spr round 21 (radius: 15)
[00:20:27 -97212.073393] SLOW spr round 22 (radius: 20)
[00:22:15 -97212.073393] SLOW spr round 23 (radius: 25)
[00:24:26 -97212.073393] Model parameter optimization (eps = 0.100000)

[00:24:29] ML tree search #1, logLikelihood: -97211.397407


Optimized model parameters:

   Partition 0: noname
   Rate heterogeneity: GAMMA (4 cats, mean),  alpha: 0.369070 (ML),  weights&rates: (0.250000,0.012517) (0.250000,0.158303) (0.250000,0.695518) (0.250000,3.133663) 
   Base frequencies (ML): 0.284958 0.084144 0.078939 0.551958 
   Substitution rates (ML): 0.623259 4.039532 0.575543 1.104172 2.987560 1.000000 


Final LogLikelihood: -97211.397407

AIC score: 197746.794815 / AICc score: 5725558.794815 / BIC score: 206616.783965
Free parameters (model + branch lengths): 1662

WARNING: Number of free parameters (K=1662) is larger than alignment size (n=1536).
         This might lead to overfitting and compromise tree inference results!


WARNING: Best ML tree contains 52 near-zero branches!

Best ML tree with collapsed near-zero branches saved to: /home/teo/src/make-phylo-raphid/rbcl/aligned/blast.filtered.revcomp.Bacillariophyceae-rbcl-uniq-gen-sp.fasta.afa.raxml.bestTreeCollapsed
Best ML tree saved to: /home/teo/src/make-phylo-raphid/rbcl/aligned/blast.filtered.revcomp.Bacillariophyceae-rbcl-uniq-gen-sp.fasta.afa.raxml.bestTree
Optimized model saved to: /home/teo/src/make-phylo-raphid/rbcl/aligned/blast.filtered.revcomp.Bacillariophyceae-rbcl-uniq-gen-sp.fasta.afa.raxml.bestModel

Execution log saved to: /home/teo/src/make-phylo-raphid/rbcl/aligned/blast.filtered.revcomp.Bacillariophyceae-rbcl-uniq-gen-sp.fasta.afa.raxml.log

Analysis started: 10-Jun-2022 13:03:33 / finished: 10-Jun-2022 13:28:03

Elapsed time: 1469.403 seconds

