
RAxML-NG v. 1.1.0 released on 29.11.2021 by The Exelixis Lab.
Developed by: Alexey M. Kozlov and Alexandros Stamatakis.
Contributors: Diego Darriba, Tomas Flouri, Benoit Morel, Sarah Lutteropp, Ben Bettisworth.
Latest version: https://github.com/amkozlov/raxml-ng
Questions/problems/suggestions? Please visit: https://groups.google.com/forum/#!forum/raxml

System: Intel(R) Core(TM) i5-8250U CPU @ 1.60GHz, 4 cores, 7 GB RAM

RAxML-NG was called at 08-Jun-2022 10:47:14 as follows:

./raxml-ng --search1 --msa psaa/aligned/blast.filtered.revcomp.Bacillariophyceae-psaa-uniq-gen-sp.fasta.afa --model GTR+G --prefix psaa/aligned/blast.filtered.revcomp.Bacillariophyceae-psaa-uniq-gen-sp.fasta.afa --threads 8 --seed 2

Analysis options:
  run mode: ML tree search
  start tree(s): random (1)
  random seed: 2
  tip-inner: OFF
  pattern compression: ON
  per-rate scalers: OFF
  site repeats: ON
  fast spr radius: AUTO
  spr subtree cutoff: 1.000000
  branch lengths: proportional (ML estimate, algorithm: NR-FAST)
  SIMD kernels: AVX2
  parallelization: coarse-grained (auto), PTHREADS (8 threads), thread pinning: OFF

[00:00:00] Reading alignment from file: psaa/aligned/blast.filtered.revcomp.Bacillariophyceae-psaa-uniq-gen-sp.fasta.afa
[00:00:00] Loaded alignment with 40 taxa and 1578 sites

Alignment comprises 1 partitions and 707 patterns

Partition 0: noname
Model: GTR+FO+G4m
Alignment sites / patterns: 1578 / 707
Gaps: 5.78 %
Invariant sites: 58.87 %


NOTE: Binary MSA file created: psaa/aligned/blast.filtered.revcomp.Bacillariophyceae-psaa-uniq-gen-sp.fasta.afa.raxml.rba

Parallelization scheme autoconfig: 1 worker(s) x 8 thread(s)

Parallel reduction/worker buffer size: 1 KB  / 0 KB

[00:00:00] Generating 1 random starting tree(s) with 40 taxa
[00:00:00] Data distribution: max. partitions/sites/weight per thread: 1 / 89 / 1424
[00:00:00] Data distribution: max. searches per worker: 1

Starting ML tree search with 1 distinct starting trees

[00:00:00 -21324.677615] Initial branch length optimization
[00:00:00 -19468.201495] Model parameter optimization (eps = 10.000000)
[00:00:00 -17671.398294] AUTODETECT spr round 1 (radius: 5)
[00:00:00 -16460.045658] AUTODETECT spr round 2 (radius: 10)
[00:00:00 -16231.772556] AUTODETECT spr round 3 (radius: 15)
[00:00:00 -16231.769074] SPR radius for FAST iterations: 10 (autodetect)
[00:00:00 -16231.769074] Model parameter optimization (eps = 3.000000)
[00:00:00 -16207.298800] FAST spr round 1 (radius: 10)
[00:00:00 -16111.762074] FAST spr round 2 (radius: 10)
[00:00:00 -16094.208094] FAST spr round 3 (radius: 10)
[00:00:01 -16092.036328] FAST spr round 4 (radius: 10)
[00:00:01 -16090.434693] FAST spr round 5 (radius: 10)
[00:00:01 -16089.569551] FAST spr round 6 (radius: 10)
[00:00:01 -16089.569464] Model parameter optimization (eps = 1.000000)
[00:00:01 -16086.511928] SLOW spr round 1 (radius: 5)
[00:00:02 -16086.450848] SLOW spr round 2 (radius: 10)
[00:00:02 -16083.542916] SLOW spr round 3 (radius: 5)
[00:00:03 -16083.250088] SLOW spr round 4 (radius: 5)
[00:00:04 -16083.215765] SLOW spr round 5 (radius: 10)
[00:00:04 -16083.215682] SLOW spr round 6 (radius: 15)
[00:00:04 -16083.215681] SLOW spr round 7 (radius: 20)
[00:00:04 -16083.215681] SLOW spr round 8 (radius: 25)
[00:00:04 -16083.215681] Model parameter optimization (eps = 0.100000)

[00:00:04] ML tree search #1, logLikelihood: -16082.360511


Optimized model parameters:

   Partition 0: noname
   Rate heterogeneity: GAMMA (4 cats, mean),  alpha: 0.215306 (ML),  weights&rates: (0.250000,0.000868) (0.250000,0.043046) (0.250000,0.422414) (0.250000,3.533672) 
   Base frequencies (ML): 0.251897 0.126439 0.187913 0.433751 
   Substitution rates (ML): 1.639443 5.410879 2.828605 0.871152 12.271677 1.000000 


Final LogLikelihood: -16082.360511

AIC score: 32336.721023 / AICc score: 32346.757240 / BIC score: 32798.017584
Free parameters (model + branch lengths): 86

Best ML tree saved to: /home/teo/src/make-phylo-raphid/psaa/aligned/blast.filtered.revcomp.Bacillariophyceae-psaa-uniq-gen-sp.fasta.afa.raxml.bestTree
Optimized model saved to: /home/teo/src/make-phylo-raphid/psaa/aligned/blast.filtered.revcomp.Bacillariophyceae-psaa-uniq-gen-sp.fasta.afa.raxml.bestModel

Execution log saved to: /home/teo/src/make-phylo-raphid/psaa/aligned/blast.filtered.revcomp.Bacillariophyceae-psaa-uniq-gen-sp.fasta.afa.raxml.log

Analysis started: 08-Jun-2022 10:47:14 / finished: 08-Jun-2022 10:47:19

Elapsed time: 4.854 seconds

