
RAxML-NG v. 1.1.0 released on 29.11.2021 by The Exelixis Lab.
Developed by: Alexey M. Kozlov and Alexandros Stamatakis.
Contributors: Diego Darriba, Tomas Flouri, Benoit Morel, Sarah Lutteropp, Ben Bettisworth.
Latest version: https://github.com/amkozlov/raxml-ng
Questions/problems/suggestions? Please visit: https://groups.google.com/forum/#!forum/raxml

System: Intel(R) Core(TM) i5-8250U CPU @ 1.60GHz, 4 cores, 7 GB RAM

RAxML-NG was called at 07-Jun-2022 22:08:33 as follows:

./raxml-ng --search1 --msa 28s/aligned/blast.filtered.revcomp.Bacillariophyceae-28s-uniq-gen-sp.fasta.afa --model GTR+G --prefix 28s/aligned/blast.filtered.revcomp.Bacillariophyceae-28s-uniq-gen-sp.fasta.afa --threads 8 --seed 2

Analysis options:
  run mode: ML tree search
  start tree(s): random (1)
  random seed: 2
  tip-inner: OFF
  pattern compression: ON
  per-rate scalers: OFF
  site repeats: ON
  fast spr radius: AUTO
  spr subtree cutoff: 1.000000
  branch lengths: proportional (ML estimate, algorithm: NR-FAST)
  SIMD kernels: AVX2
  parallelization: coarse-grained (auto), PTHREADS (8 threads), thread pinning: OFF

[00:00:00] Reading alignment from file: 28s/aligned/blast.filtered.revcomp.Bacillariophyceae-28s-uniq-gen-sp.fasta.afa
[00:00:00] Loaded alignment with 388 taxa and 640 sites

WARNING: Fully undetermined sequences found: 1

WARNING: Sequences 28s159_640_bp and 28s198_640_bp are exactly identical!
WARNING: Sequences 28s239_640_bp and 28s251_640_bp are exactly identical!
WARNING: Duplicate sequences found: 2

NOTE: Reduced alignment (with duplicates and gap-only sites/taxa removed) 
NOTE: was saved to: /home/teo/src/make-phylo-raphid/28s/aligned/blast.filtered.revcomp.Bacillariophyceae-28s-uniq-gen-sp.fasta.afa.raxml.reduced.phy

Alignment comprises 1 partitions and 607 patterns

Partition 0: noname
Model: GTR+FO+G4m
Alignment sites / patterns: 640 / 607
Gaps: 31.64 %
Invariant sites: 10.78 %


NOTE: Binary MSA file created: 28s/aligned/blast.filtered.revcomp.Bacillariophyceae-28s-uniq-gen-sp.fasta.afa.raxml.rba

Parallelization scheme autoconfig: 1 worker(s) x 8 thread(s)

Parallel reduction/worker buffer size: 1 KB  / 0 KB

[00:00:00] Generating 1 random starting tree(s) with 388 taxa
[00:00:00] Data distribution: max. partitions/sites/weight per thread: 1 / 76 / 1216
[00:00:00] Data distribution: max. searches per worker: 1

Starting ML tree search with 1 distinct starting trees

[00:00:00 -93954.144271] Initial branch length optimization
[00:00:00 -73055.430531] Model parameter optimization (eps = 10.000000)
[00:00:05 -68588.211850] AUTODETECT spr round 1 (radius: 5)
[00:00:09 -55450.656882] AUTODETECT spr round 2 (radius: 10)
[00:00:13 -43568.579555] AUTODETECT spr round 3 (radius: 15)
[00:00:19 -38441.469291] AUTODETECT spr round 4 (radius: 20)
[00:00:26 -38286.168980] AUTODETECT spr round 5 (radius: 25)
[00:00:32 -38275.124379] SPR radius for FAST iterations: 25 (autodetect)
[00:00:32 -38275.124379] Model parameter optimization (eps = 3.000000)
[00:00:39 -37876.632988] FAST spr round 1 (radius: 25)
[00:00:44 -35013.641112] FAST spr round 2 (radius: 25)
[00:00:49 -34881.987757] FAST spr round 3 (radius: 25)
[00:00:54 -34863.184647] FAST spr round 4 (radius: 25)
[00:00:57 -34862.656733] FAST spr round 5 (radius: 25)
[00:01:01 -34862.654820] Model parameter optimization (eps = 1.000000)
[00:01:02 -34851.190831] SLOW spr round 1 (radius: 5)
[00:01:09 -34834.006501] SLOW spr round 2 (radius: 5)
[00:01:16 -34815.029061] SLOW spr round 3 (radius: 5)
[00:01:23 -34812.456262] SLOW spr round 4 (radius: 5)
[00:01:29 -34811.802875] SLOW spr round 5 (radius: 5)
[00:01:36 -34811.798952] SLOW spr round 6 (radius: 10)
[00:01:43 -34809.106680] SLOW spr round 7 (radius: 5)
[00:01:52 -34808.428767] SLOW spr round 8 (radius: 5)
[00:02:00 -34808.428648] SLOW spr round 9 (radius: 10)
[00:02:07 -34807.806800] SLOW spr round 10 (radius: 5)
[00:02:16 -34806.674326] SLOW spr round 11 (radius: 5)
[00:02:24 -34806.672880] SLOW spr round 12 (radius: 10)
[00:02:31 -34806.672830] SLOW spr round 13 (radius: 15)
[00:02:44 -34805.923631] SLOW spr round 14 (radius: 5)
[00:02:54 -34805.920981] SLOW spr round 15 (radius: 10)
[00:03:03 -34805.920606] SLOW spr round 16 (radius: 15)
[00:03:16 -34805.920546] SLOW spr round 17 (radius: 20)
[00:03:37 -34805.920531] SLOW spr round 18 (radius: 25)
[00:03:55 -34805.920523] Model parameter optimization (eps = 0.100000)

[00:03:56] ML tree search #1, logLikelihood: -34805.325746


Optimized model parameters:

   Partition 0: noname
   Rate heterogeneity: GAMMA (4 cats, mean),  alpha: 0.670694 (ML),  weights&rates: (0.250000,0.067943) (0.250000,0.349368) (0.250000,0.913505) (0.250000,2.669184) 
   Base frequencies (ML): 0.296336 0.179114 0.245137 0.279413 
   Substitution rates (ML): 0.617444 2.342406 1.354634 0.605584 4.513668 1.000000 


Final LogLikelihood: -34805.325746

AIC score: 71174.651491 / AICc score: 1295786.651491 / BIC score: 74663.519605
Free parameters (model + branch lengths): 782

WARNING: Number of free parameters (K=782) is larger than alignment size (n=640).
         This might lead to overfitting and compromise tree inference results!


WARNING: Best ML tree contains 21 near-zero branches!

Best ML tree with collapsed near-zero branches saved to: /home/teo/src/make-phylo-raphid/28s/aligned/blast.filtered.revcomp.Bacillariophyceae-28s-uniq-gen-sp.fasta.afa.raxml.bestTreeCollapsed
Best ML tree saved to: /home/teo/src/make-phylo-raphid/28s/aligned/blast.filtered.revcomp.Bacillariophyceae-28s-uniq-gen-sp.fasta.afa.raxml.bestTree
Optimized model saved to: /home/teo/src/make-phylo-raphid/28s/aligned/blast.filtered.revcomp.Bacillariophyceae-28s-uniq-gen-sp.fasta.afa.raxml.bestModel

Execution log saved to: /home/teo/src/make-phylo-raphid/28s/aligned/blast.filtered.revcomp.Bacillariophyceae-28s-uniq-gen-sp.fasta.afa.raxml.log

Analysis started: 07-Jun-2022 22:08:33 / finished: 07-Jun-2022 22:12:30

Elapsed time: 236.961 seconds

