
RAxML-NG v. 1.1.0 released on 29.11.2021 by The Exelixis Lab.
Developed by: Alexey M. Kozlov and Alexandros Stamatakis.
Contributors: Diego Darriba, Tomas Flouri, Benoit Morel, Sarah Lutteropp, Ben Bettisworth.
Latest version: https://github.com/amkozlov/raxml-ng
Questions/problems/suggestions? Please visit: https://groups.google.com/forum/#!forum/raxml

System: Intel(R) Core(TM) i5-8250U CPU @ 1.60GHz, 4 cores, 7 GB RAM

RAxML-NG was called at 08-Jun-2022 10:48:59 as follows:

./raxml-ng --search1 --msa psab/aligned/blast.filtered.revcomp.Bacillariophyceae-psab-uniq-gen-sp.fasta.afa --model GTR+G --prefix psab/aligned/blast.filtered.revcomp.Bacillariophyceae-psab-uniq-gen-sp.fasta.afa --threads 8 --seed 2

Analysis options:
  run mode: ML tree search
  start tree(s): random (1)
  random seed: 2
  tip-inner: OFF
  pattern compression: ON
  per-rate scalers: OFF
  site repeats: ON
  fast spr radius: AUTO
  spr subtree cutoff: 1.000000
  branch lengths: proportional (ML estimate, algorithm: NR-FAST)
  SIMD kernels: AVX2
  parallelization: coarse-grained (auto), PTHREADS (8 threads), thread pinning: OFF

[00:00:00] Reading alignment from file: psab/aligned/blast.filtered.revcomp.Bacillariophyceae-psab-uniq-gen-sp.fasta.afa
[00:00:00] Loaded alignment with 78 taxa and 1965 sites

Alignment comprises 1 partitions and 936 patterns

Partition 0: noname
Model: GTR+FO+G4m
Alignment sites / patterns: 1965 / 936
Gaps: 4.16 %
Invariant sites: 55.37 %


NOTE: Binary MSA file created: psab/aligned/blast.filtered.revcomp.Bacillariophyceae-psab-uniq-gen-sp.fasta.afa.raxml.rba

Parallelization scheme autoconfig: 1 worker(s) x 8 thread(s)

Parallel reduction/worker buffer size: 1 KB  / 0 KB

[00:00:00] Generating 1 random starting tree(s) with 78 taxa
[00:00:00] Data distribution: max. partitions/sites/weight per thread: 1 / 117 / 1872
[00:00:00] Data distribution: max. searches per worker: 1

Starting ML tree search with 1 distinct starting trees

[00:00:00 -49275.946464] Initial branch length optimization
[00:00:00 -44187.572134] Model parameter optimization (eps = 10.000000)
[00:00:00 -40152.493051] AUTODETECT spr round 1 (radius: 5)
[00:00:01 -36319.289564] AUTODETECT spr round 2 (radius: 10)
[00:00:01 -33948.271117] AUTODETECT spr round 3 (radius: 15)
[00:00:01 -33887.314719] AUTODETECT spr round 4 (radius: 20)
[00:00:02 -33887.310838] SPR radius for FAST iterations: 15 (autodetect)
[00:00:02 -33887.310838] Model parameter optimization (eps = 3.000000)
[00:00:02 -33746.077471] FAST spr round 1 (radius: 15)
[00:00:03 -33319.816643] FAST spr round 2 (radius: 15)
[00:00:03 -33302.518544] FAST spr round 3 (radius: 15)
[00:00:03 -33301.259342] FAST spr round 4 (radius: 15)
[00:00:04 -33300.157194] FAST spr round 5 (radius: 15)
[00:00:04 -33298.242265] FAST spr round 6 (radius: 15)
[00:00:04 -33297.408407] FAST spr round 7 (radius: 15)
[00:00:05 -33296.820390] FAST spr round 8 (radius: 15)
[00:00:05 -33296.474913] FAST spr round 9 (radius: 15)
[00:00:06 -33296.474719] Model parameter optimization (eps = 1.000000)
[00:00:06 -33293.614288] SLOW spr round 1 (radius: 5)
[00:00:07 -33293.605362] SLOW spr round 2 (radius: 10)
[00:00:08 -33293.605312] SLOW spr round 3 (radius: 15)
[00:00:10 -33293.605312] SLOW spr round 4 (radius: 20)
[00:00:10 -33293.605312] SLOW spr round 5 (radius: 25)
[00:00:11 -33293.605312] Model parameter optimization (eps = 0.100000)

[00:00:11] ML tree search #1, logLikelihood: -33293.511649


Optimized model parameters:

   Partition 0: noname
   Rate heterogeneity: GAMMA (4 cats, mean),  alpha: 0.241030 (ML),  weights&rates: (0.250000,0.001720) (0.250000,0.060293) (0.250000,0.482184) (0.250000,3.455804) 
   Base frequencies (ML): 0.276240 0.116836 0.145823 0.461102 
   Substitution rates (ML): 1.303999 4.606016 1.169558 1.487349 7.957961 1.000000 


Final LogLikelihood: -33293.511649

AIC score: 66911.023299 / AICc score: 66940.330735 / BIC score: 67815.509398
Free parameters (model + branch lengths): 162

Best ML tree saved to: /home/teo/src/make-phylo-raphid/psab/aligned/blast.filtered.revcomp.Bacillariophyceae-psab-uniq-gen-sp.fasta.afa.raxml.bestTree
Optimized model saved to: /home/teo/src/make-phylo-raphid/psab/aligned/blast.filtered.revcomp.Bacillariophyceae-psab-uniq-gen-sp.fasta.afa.raxml.bestModel

Execution log saved to: /home/teo/src/make-phylo-raphid/psab/aligned/blast.filtered.revcomp.Bacillariophyceae-psab-uniq-gen-sp.fasta.afa.raxml.log

Analysis started: 08-Jun-2022 10:48:59 / finished: 08-Jun-2022 10:49:11

Elapsed time: 11.141 seconds

