
RAxML-NG v. 1.1.0 released on 29.11.2021 by The Exelixis Lab.
Developed by: Alexey M. Kozlov and Alexandros Stamatakis.
Contributors: Diego Darriba, Tomas Flouri, Benoit Morel, Sarah Lutteropp, Ben Bettisworth.
Latest version: https://github.com/amkozlov/raxml-ng
Questions/problems/suggestions? Please visit: https://groups.google.com/forum/#!forum/raxml

System: Intel(R) Core(TM) i5-8250U CPU @ 1.60GHz, 4 cores, 7 GB RAM

RAxML-NG was called at 08-Jun-2022 11:10:19 as follows:

./raxml-ng --search1 --msa atpb/aligned/blast.filtered.revcomp.Bacillariophyceae-atpb-uniq-gen-sp.fasta.afa --model GTR+G --prefix atpb/aligned/blast.filtered.revcomp.Bacillariophyceae-atpb-uniq-gen-sp.fasta.afa --threads 8 --seed 2

Analysis options:
  run mode: ML tree search
  start tree(s): random (1)
  random seed: 2
  tip-inner: OFF
  pattern compression: ON
  per-rate scalers: OFF
  site repeats: ON
  fast spr radius: AUTO
  spr subtree cutoff: 1.000000
  branch lengths: proportional (ML estimate, algorithm: NR-FAST)
  SIMD kernels: AVX2
  parallelization: coarse-grained (auto), PTHREADS (8 threads), thread pinning: OFF

[00:00:00] Reading alignment from file: atpb/aligned/blast.filtered.revcomp.Bacillariophyceae-atpb-uniq-gen-sp.fasta.afa
[00:00:00] Loaded alignment with 38 taxa and 1287 sites

Alignment comprises 1 partitions and 553 patterns

Partition 0: noname
Model: GTR+FO+G4m
Alignment sites / patterns: 1287 / 553
Gaps: 4.36 %
Invariant sites: 58.90 %


NOTE: Binary MSA file created: atpb/aligned/blast.filtered.revcomp.Bacillariophyceae-atpb-uniq-gen-sp.fasta.afa.raxml.rba

Parallelization scheme autoconfig: 1 worker(s) x 8 thread(s)

Parallel reduction/worker buffer size: 1 KB  / 0 KB

[00:00:00] Generating 1 random starting tree(s) with 38 taxa
[00:00:00] Data distribution: max. partitions/sites/weight per thread: 1 / 70 / 1120
[00:00:00] Data distribution: max. searches per worker: 1

Starting ML tree search with 1 distinct starting trees

[00:00:00 -17270.766731] Initial branch length optimization
[00:00:00 -15596.514714] Model parameter optimization (eps = 10.000000)
[00:00:00 -14410.927924] AUTODETECT spr round 1 (radius: 5)
[00:00:00 -13338.898725] AUTODETECT spr round 2 (radius: 10)
[00:00:00 -13125.471059] AUTODETECT spr round 3 (radius: 15)
[00:00:00 -13123.723181] AUTODETECT spr round 4 (radius: 20)
[00:00:00 -13123.677592] SPR radius for FAST iterations: 15 (autodetect)
[00:00:00 -13123.677592] Model parameter optimization (eps = 3.000000)
[00:00:00 -13108.111241] FAST spr round 1 (radius: 15)
[00:00:01 -13035.034601] FAST spr round 2 (radius: 15)
[00:00:01 -13032.984420] FAST spr round 3 (radius: 15)
[00:00:01 -13032.731949] FAST spr round 4 (radius: 15)
[00:00:01 -13028.835540] FAST spr round 5 (radius: 15)
[00:00:01 -13028.623676] FAST spr round 6 (radius: 15)
[00:00:02 -13028.623482] Model parameter optimization (eps = 1.000000)
[00:00:02 -13027.889458] SLOW spr round 1 (radius: 5)
[00:00:02 -13027.882259] SLOW spr round 2 (radius: 10)
[00:00:03 -13027.882237] SLOW spr round 3 (radius: 15)
[00:00:03 -13027.882237] SLOW spr round 4 (radius: 20)
[00:00:03 -13027.882237] SLOW spr round 5 (radius: 25)
[00:00:03 -13027.882237] Model parameter optimization (eps = 0.100000)

[00:00:03] ML tree search #1, logLikelihood: -13027.805911


Optimized model parameters:

   Partition 0: noname
   Rate heterogeneity: GAMMA (4 cats, mean),  alpha: 0.204214 (ML),  weights&rates: (0.250000,0.000613) (0.250000,0.036241) (0.250000,0.394566) (0.250000,3.568581) 
   Base frequencies (ML): 0.347657 0.128070 0.181191 0.343083 
   Substitution rates (ML): 2.150564 4.274222 2.103742 2.019990 7.951492 1.000000 


Final LogLikelihood: -13027.805911

AIC score: 26219.611821 / AICc score: 26230.917469 / BIC score: 26642.737496
Free parameters (model + branch lengths): 82

WARNING: Best ML tree contains 2 near-zero branches!

Best ML tree with collapsed near-zero branches saved to: /home/teo/src/make-phylo-raphid/atpb/aligned/blast.filtered.revcomp.Bacillariophyceae-atpb-uniq-gen-sp.fasta.afa.raxml.bestTreeCollapsed
Best ML tree saved to: /home/teo/src/make-phylo-raphid/atpb/aligned/blast.filtered.revcomp.Bacillariophyceae-atpb-uniq-gen-sp.fasta.afa.raxml.bestTree
Optimized model saved to: /home/teo/src/make-phylo-raphid/atpb/aligned/blast.filtered.revcomp.Bacillariophyceae-atpb-uniq-gen-sp.fasta.afa.raxml.bestModel

Execution log saved to: /home/teo/src/make-phylo-raphid/atpb/aligned/blast.filtered.revcomp.Bacillariophyceae-atpb-uniq-gen-sp.fasta.afa.raxml.log

Analysis started: 08-Jun-2022 11:10:19 / finished: 08-Jun-2022 11:10:22

Elapsed time: 3.539 seconds

